# JRE version: OpenJDK Runtime Environment (7.0_65-b32) (build 1.7.0_65-b32)
# Java VM: OpenJDK Server VM (24.65-b04 mixed mode linux-x86 )
Heap
 PSYoungGen      total 18432K, used 6660K [0x9ea40000, 0x9fec0000, 0xb3300000)
  eden space 15872K, 26% used [0x9ea40000,0x9ee6a270,0x9f9c0000)
  from space 2560K, 93% used [0x9fc40000,0x9fe97170,0x9fec0000)
  to   space 2560K, 0% used [0x9f9c0000,0x9f9c0000,0x9fc40000)
 ParOldGen       total 41984K, used 5974K [0x75900000, 0x78200000, 0x9ea40000)
  object space 41984K, 14% used [0x75900000,0x75ed5b68,0x78200000)
 PSPermGen       total 16384K, used 8343K [0x6d900000, 0x6e900000, 0x75900000)
  object space 16384K, 50% used [0x6d900000,0x6e125f80,0x6e900000)
GC Heap History (4 events):
Event: 1.374 GC heap before
{Heap before GC invocations=1 (full 0):
 PSYoungGen      total 18432K, used 14642K [0x9ea40000, 0x9fec0000, 0xb3300000)
  eden space 15872K, 92% used [0x9ea40000,0x9f88c840,0x9f9c0000)
  from space 2560K, 0% used [0x9fc40000,0x9fc40000,0x9fec0000)
  to   space 2560K, 0% used [0x9f9c0000,0x9f9c0000,0x9fc40000)
 ParOldGen       total 41984K, used 0K [0x75900000, 0x78200000, 0x9ea40000)
  object space 41984K, 0% used [0x75900000,0x75900000,0x78200000)
 PSPermGen       total 16384K, used 7432K [0x6d900000, 0x6e900000, 0x75900000)
  object space 16384K, 45% used [0x6d900000,0x6e042160,0x6e900000)
Event: 1.386 GC heap after
Heap after GC invocations=1 (full 0):
 PSYoungGen      total 18432K, used 2548K [0x9ea40000, 0x9fec0000, 0xb3300000)
  eden space 15872K, 0% used [0x9ea40000,0x9ea40000,0x9f9c0000)
  from space 2560K, 99% used [0x9f9c0000,0x9fc3d1f8,0x9fc40000)
  to   space 2560K, 0% used [0x9fc40000,0x9fc40000,0x9fec0000)
 ParOldGen       total 41984K, used 1874K [0x75900000, 0x78200000, 0x9ea40000)
  object space 41984K, 4% used [0x75900000,0x75ad4b98,0x78200000)
 PSPermGen       total 16384K, used 7432K [0x6d900000, 0x6e900000, 0x75900000)
  object space 16384K, 45% used [0x6d900000,0x6e042160,0x6e900000)
}
Event: 5.223 GC heap before
{Heap before GC invocations=2 (full 0):
 PSYoungGen      total 18432K, used 18420K [0x9ea40000, 0x9fec0000, 0xb3300000)
  eden space 15872K, 100% used [0x9ea40000,0x9f9c0000,0x9f9c0000)
  from space 2560K, 99% used [0x9f9c0000,0x9fc3d1f8,0x9fc40000)
  to   space 2560K, 0% used [0x9fc40000,0x9fc40000,0x9fec0000)
 ParOldGen       total 41984K, used 1874K [0x75900000, 0x78200000, 0x9ea40000)
  object space 41984K, 4% used [0x75900000,0x75ad4b98,0x78200000)
 PSPermGen       total 16384K, used 8341K [0x6d900000, 0x6e900000, 0x75900000)
  object space 16384K, 50% used [0x6d900000,0x6e1254a0,0x6e900000)
Event: 5.233 GC heap after
Heap after GC invocations=2 (full 0):
 PSYoungGen      total 18432K, used 2396K [0x9ea40000, 0x9fec0000, 0xb3300000)
  eden space 15872K, 0% used [0x9ea40000,0x9ea40000,0x9f9c0000)
  from space 2560K, 93% used [0x9fc40000,0x9fe97170,0x9fec0000)
  to   space 2560K, 0% used [0x9f9c0000,0x9f9c0000,0x9fc40000)
 ParOldGen       total 41984K, used 5974K [0x75900000, 0x78200000, 0x9ea40000)
  object space 41984K, 14% used [0x75900000,0x75ed5b68,0x78200000)
 PSPermGen       total 16384K, used 8341K [0x6d900000, 0x6e900000, 0x75900000)
  object space 16384K, 50% used [0x6d900000,0x6e1254a0,0x6e900000)
}

